Build started 5/12/2015 3:06:14 PM.
     1>Project "C:\Users\Ryan Novak\documents\visual studio 2010\Projects\tank_game\tank_game\tank_game.vcxproj" on node 2 (build target(s)).
     1>InitializeBuildStatus:
         Creating "Debug\tank_game.unsuccessfulbuild" because "AlwaysCreate" was specified.
       ClCompile:
         C:\Program Files (x86)\Microsoft Visual Studio 10.0\VC\bin\CL.exe /c /ZI /nologo /W3 /WX- /Od /Oy- /D WIN32 /D _DEBUG /D _CONSOLE /D _UNICODE /D UNICODE /Gm /EHsc /RTC1 /MDd /GS /fp:precise /Zc:wchar_t /Zc:forScope /Fo"Debug\\" /Fd"Debug\vc100.pdb" /Gd /TP /analyze- /errorReport:prompt main.cpp
         main.cpp
     1>c:\users\ryan novak\documents\visual studio 2010\projects\tank_game\tank_game\main.cpp(13): warning C4005: 'PI' : macro redefinition
                 c:\users\ryan novak\documents\visual studio 2010\projects\tank_game\tank_game\camera.h(2) : see previous definition of 'PI'
     1>c:\users\ryan novak\documents\visual studio 2010\projects\tank_game\tank_game\main.cpp(835): warning C4018: '<' : signed/unsigned mismatch
     1>c:\users\ryan novak\documents\visual studio 2010\projects\tank_game\tank_game\main.cpp(838): warning C4018: '<' : signed/unsigned mismatch
     1>c:\users\ryan novak\documents\visual studio 2010\projects\tank_game\tank_game\main.cpp(866): warning C4018: '<' : signed/unsigned mismatch
     1>c:\users\ryan novak\documents\visual studio 2010\projects\tank_game\tank_game\main.cpp(881): warning C4018: '<' : signed/unsigned mismatch
       Link:
         C:\Program Files (x86)\Microsoft Visual Studio 10.0\VC\bin\link.exe /ERRORREPORT:PROMPT /OUT:"C:\Users\Ryan Novak\documents\visual studio 2010\Projects\tank_game\Debug\tank_game.exe" /INCREMENTAL:NO /NOLOGO kernel32.lib user32.lib gdi32.lib winspool.lib comdlg32.lib advapi32.lib shell32.lib ole32.lib oleaut32.lib uuid.lib odbc32.lib odbccp32.lib /MANIFEST /ManifestFile:"Debug\tank_game.exe.intermediate.manifest" /MANIFESTUAC:"level='asInvoker' uiAccess='false'" /DEBUG /PDB:"C:\Users\Ryan Novak\documents\visual studio 2010\Projects\tank_game\Debug\tank_game.pdb" /SUBSYSTEM:CONSOLE /TLBID:1 /DYNAMICBASE /NXCOMPAT /IMPLIB:"C:\Users\Ryan Novak\documents\visual studio 2010\Projects\tank_game\Debug\tank_game.lib" /MACHINE:X86 Debug\camera.obj
         Debug\enemyTankMovement.obj
         Debug\glm.obj
         Debug\main.obj
         Debug\tga.obj
         Debug\userTank.obj
     1>camera.obj : warning LNK4075: ignoring '/EDITANDCONTINUE' due to '/INCREMENTAL:NO' specification
         tank_game.vcxproj -> C:\Users\Ryan Novak\documents\visual studio 2010\Projects\tank_game\Debug\tank_game.exe
       Manifest:
         C:\Program Files (x86)\Microsoft SDKs\Windows\v7.0A\bin\mt.exe /nologo /verbose /outputresource:"C:\Users\Ryan Novak\documents\visual studio 2010\Projects\tank_game\Debug\tank_game.exe;#1" /manifest Debug\tank_game.exe.intermediate.manifest
       FinalizeBuildStatus:
         Deleting file "Debug\tank_game.unsuccessfulbuild".
         Touching "Debug\tank_game.lastbuildstate".
     1>Done Building Project "C:\Users\Ryan Novak\documents\visual studio 2010\Projects\tank_game\tank_game\tank_game.vcxproj" (build target(s)).

Build succeeded.

Time Elapsed 00:00:01.19
